[       0] Initializing Proteus
[       0] HashDist Version: unknown
[       0] HashStack Version: unknown
[       0] Proteus Version: 456d0ac61b19ff79c85bc76f771d3832be750d59
[       0] Initializing MPI
[       0] Adding . to path for loading modules
[       0] Loading problem-specific modules
[       0] Importing input modules
[       0] Loading so module = dambreak_so.py
[       0] Mesh generated using: tetgen -VApq30Dena mesh.poly
[       0] Chrono object created with 156 nodes
[       0] Loading p module = vof_p
[       0] Loading n module = vof_n
[       0] VOF3P.ShockCapturing: lagging requested but must lag the first step; switching lagging off and delaying
[       0] Loading p module = ls_p
[       0] Loading n module = ls_n
[       0] NCLS3P.ShockCapturing: lagging requested but must lag the first step; switching lagging off and delaying
[       0] Loading p module = redist_p
[       0] Loading n module = redist_n
[       0] Loading p module = ls_consrv_p
[       0] Loading n module = ls_consrv_n
[       0] Loading p module = twp_navier_stokes_p
[       0] Loading n module = twp_navier_stokes_n
[       0] RANS3PF.SubgridError: lagging requested but must lag the first step; switching lagging off and delaying
[       0] RANS3PF.ShockCapturing: lagging requested but must lag the first step; switching lagging off and delaying
[       0] Loading p module = pressureincrement_p
[       0] Loading n module = pressureincrement_n
[       0] Loading p module = pressure_p
[       0] Loading n module = pressure_n
[       0] Loading p module = pressureInitial_p
[       0] Loading n module = pressureInitial_n
[       0] Attaching input stream to stdin
[       0] Running Proteus version 1.5.1.dev0
[       0] Setting simulation processing defaults
[       0] Starting dambreak run number 0
[       0] Initializing NumericalSolution for dambreak
 System includes: 
vof_p
ls_p
redist_p
ls_consrv_p
twp_navier_stokes_p
pressureincrement
pressure
pressureInitial

[       0] Setting Archiver(s)
